This file contains any messages produced by compilers while
running configure, to aid debugging if configure makes a mistake.

It was created by libheif configure 1.6.2, which was
generated by GNU Autoconf 2.69.  Invocation command line was

  $ ./configure CPPFLAGS=-I/Users/georgezhou/Downloads/heif/build/jpeg/include LDFLAGS=-L/Users/georgezhou/Downloads/heif/build/jpeg/lib64 --prefix=/Users/georgezhou/Downloads/heif/build/heif --enable-static --disable-shared

## --------- ##
## Platform. ##
## --------- ##

hostname = GeorgeMR.local
uname -m = x86_64
uname -r = 19.4.0
uname -s = Darwin
uname -v = Darwin Kernel Version 19.4.0: Wed Mar  4 22:28:40 PST 2020; root:xnu-6153.101.6~15/RELEASE_X86_64

/usr/bin/uname -p = i386
/bin/uname -X     = unknown

/bin/arch              = unknown
/usr/bin/arch -k       = unknown
/usr/convex/getsysinfo = unknown
/usr/bin/hostinfo      = Mach kernel version:
	 Darwin Kernel Version 19.4.0: Wed Mar  4 22:28:40 PST 2020; root:xnu-6153.101.6~15/RELEASE_X86_64
Kernel configured for up to 4 processors.
2 processors are physically available.
4 processors are logically available.
Processor type: x86_64h (Intel x86-64h Haswell)
Processors active: 0 1 2 3
Primary memory available: 8.00 gigabytes
Default processor set: 370 tasks, 2516 threads, 4 processors
Load average: 5.69, Mach factor: 0.64
/bin/machine           = unknown
/usr/bin/oslevel       = unknown
/bin/universe          = unknown

PATH: /usr/local/sbin
PATH: /usr/local/opt/binutils/bin
PATH: /Library/Java/JavaVirtualMachines/jdk1.8.0_181.jdk/Contents/Home/bin
PATH: /Library/Maven/apache-maven-3.5.4/bin
PATH: /Users/georgezhou/bin
PATH: /usr/local/bin
PATH: /usr/local/bin
PATH: /usr/bin
PATH: /bin
PATH: /usr/sbin
PATH: /sbin
PATH: /Library/Apple/usr/bin/
PATH: /Applications/Wireshark.app/Contents/MacOS
PATH: /Library/Android/sdk/ndk-dundle
PATH: /Library/Android/sdk/ndk-dundle
PATH: /Users/georgezhou/Library/Android/sdk/platform-tools
PATH: /Users/georgezhou/Library/Android/sdk/tools
PATH: /Users/georgezhou/Library/Python/3.7/bin


## ----------- ##
## Core tests. ##
## ----------- ##

configure:2632: checking build system type
configure:2646: result: x86_64-apple-darwin19.4.0
configure:2666: checking host system type
configure:2679: result: x86_64-apple-darwin19.4.0
configure:2699: checking target system type
configure:2712: result: x86_64-apple-darwin19.4.0
configure:2785: checking how to print strings
configure:2812: result: printf
configure:2884: checking for gcc
configure:2900: found /usr/bin/gcc
configure:2911: result: gcc
configure:3140: checking for C compiler version
configure:3149: gcc --version >&5
Apple clang version 11.0.3 (clang-1103.0.32.59)
Target: x86_64-apple-darwin19.4.0
Thread model: posix
InstalledDir: /Library/Developer/CommandLineTools/usr/bin
Configured with: --prefix=/Library/Developer/CommandLineTools/usr --with-gxx-include-dir=/Library/Developer/CommandLineTools/SDKs/MacOSX.sdk/usr/include/c++/4.2.1
configure:3160: $? = 0
configure:3149: gcc -v >&5
Configured with: --prefix=/Library/Developer/CommandLineTools/usr --with-gxx-include-dir=/Library/Developer/CommandLineTools/SDKs/MacOSX.sdk/usr/include/c++/4.2.1
Apple clang version 11.0.3 (clang-1103.0.32.59)
Target: x86_64-apple-darwin19.4.0
Thread model: posix
InstalledDir: /Library/Developer/CommandLineTools/usr/bin
configure:3160: $? = 0
configure:3149: gcc -V >&5
clang: error: unsupported option '-V -Wno-objc-signed-char-bool-implicit-int-conversion'
clang: error: no input files
configure:3160: $? = 1
configure:3149: gcc -qversion >&5
clang: error: unknown argument '-qversion'; did you mean '--version'?
clang: error: no input files
configure:3160: $? = 1
configure:3180: checking whether the C compiler works
configure:3202: gcc  -I/Users/georgezhou/Downloads/heif/build/jpeg/include -L/Users/georgezhou/Downloads/heif/build/jpeg/lib64 conftest.c  >&5
ld: warning: directory not found for option '-L/Users/georgezhou/Downloads/heif/build/jpeg/lib64'
configure:3206: $? = 0
configure:3254: result: yes
configure:3257: checking for C compiler default output file name
configure:3259: result: a.out
configure:3265: checking for suffix of executables
configure:3272: gcc -o conftest  -I/Users/georgezhou/Downloads/heif/build/jpeg/include -L/Users/georgezhou/Downloads/heif/build/jpeg/lib64 conftest.c  >&5
ld: warning: directory not found for option '-L/Users/georgezhou/Downloads/heif/build/jpeg/lib64'
configure:3276: $? = 0
configure:3298: result: 
configure:3320: checking whether we are cross compiling
configure:3328: gcc -o conftest  -I/Users/georgezhou/Downloads/heif/build/jpeg/include -L/Users/georgezhou/Downloads/heif/build/jpeg/lib64 conftest.c  >&5
ld: warning: directory not found for option '-L/Users/georgezhou/Downloads/heif/build/jpeg/lib64'
configure:3332: $? = 0
configure:3339: ./conftest
configure:3343: $? = 0
configure:3358: result: no
configure:3363: checking for suffix of object files
configure:3385: gcc -c  -I/Users/georgezhou/Downloads/heif/build/jpeg/include conftest.c >&5
configure:3389: $? = 0
configure:3410: result: o
configure:3414: checking whether we are using the GNU C compiler
configure:3433: gcc -c  -I/Users/georgezhou/Downloads/heif/build/jpeg/include conftest.c >&5
configure:3433: $? = 0
configure:3442: result: yes
configure:3451: checking whether gcc accepts -g
configure:3471: gcc -c -g -I/Users/georgezhou/Downloads/heif/build/jpeg/include conftest.c >&5
configure:3471: $? = 0
configure:3512: result: yes
configure:3529: checking for gcc option to accept ISO C89
configure:3592: gcc  -c -g -O2 -I/Users/georgezhou/Downloads/heif/build/jpeg/include conftest.c >&5
configure:3592: $? = 0
configure:3605: result: none needed
configure:3630: checking whether gcc understands -c and -o together
configure:3652: gcc -c conftest.c -o conftest2.o
configure:3655: $? = 0
configure:3652: gcc -c conftest.c -o conftest2.o
configure:3655: $? = 0
configure:3667: result: yes
configure:3684: checking for a sed that does not truncate output
configure:3748: result: /usr/bin/sed
configure:3766: checking for grep that handles long lines and -e
configure:3824: result: /usr/bin/grep
configure:3829: checking for egrep
configure:3891: result: /usr/bin/grep -E
configure:3896: checking for fgrep
configure:3958: result: /usr/bin/grep -F
configure:3993: checking for ld used by gcc
configure:4060: result: /Library/Developer/CommandLineTools/usr/bin/ld
configure:4067: checking if the linker (/Library/Developer/CommandLineTools/usr/bin/ld) is GNU ld
configure:4082: result: no
configure:4094: checking for BSD- or MS-compatible name lister (nm)
configure:4148: result: /usr/local/opt/binutils/bin/nm -B
configure:4278: checking the name lister (/usr/local/opt/binutils/bin/nm -B) interface
configure:4285: gcc -c -g -O2 -I/Users/georgezhou/Downloads/heif/build/jpeg/include conftest.c >&5
configure:4288: /usr/local/opt/binutils/bin/nm -B "conftest.o"
configure:4291: output
00000000000001e0 B _some_variable
configure:4298: result: BSD nm
configure:4301: checking whether ln -s works
configure:4305: result: yes
configure:4313: checking the maximum length of command line arguments
configure:4444: result: 196608
configure:4492: checking how to convert x86_64-apple-darwin19.4.0 file names to x86_64-apple-darwin19.4.0 format
configure:4532: result: func_convert_file_noop
configure:4539: checking how to convert x86_64-apple-darwin19.4.0 file names to toolchain format
configure:4559: result: func_convert_file_noop
configure:4566: checking for /Library/Developer/CommandLineTools/usr/bin/ld option to reload object files
configure:4573: result: -r
configure:4647: checking for objdump
configure:4663: found /usr/local/opt/binutils/bin/objdump
configure:4674: result: objdump
configure:4706: checking how to recognize dependent libraries
configure:4906: result: pass_all
configure:4991: checking for dlltool
configure:5007: found /usr/local/opt/binutils/bin/dlltool
configure:5018: result: dlltool
configure:5051: checking how to associate runtime and link libraries
configure:5078: result: printf %s\n
configure:5139: checking for ar
configure:5155: found /usr/local/opt/binutils/bin/ar
configure:5166: result: ar
configure:5203: checking for archiver @FILE support
configure:5220: gcc -c -g -O2 -I/Users/georgezhou/Downloads/heif/build/jpeg/include conftest.c >&5
configure:5220: $? = 0
configure:5223: ar cru libconftest.a @conftest.lst >&5
ar: @conftest.lst: No such file or directory
configure:5226: $? = 1
configure:5246: result: no
configure:5304: checking for strip
configure:5320: found /usr/local/opt/binutils/bin/strip
configure:5331: result: strip
configure:5403: checking for ranlib
configure:5419: found /usr/local/opt/binutils/bin/ranlib
configure:5430: result: ranlib
configure:5507: checking for gawk
configure:5537: result: no
configure:5507: checking for mawk
configure:5537: result: no
configure:5507: checking for nawk
configure:5537: result: no
configure:5507: checking for awk
configure:5523: found /usr/bin/awk
configure:5534: result: awk
configure:5574: checking command to parse /usr/local/opt/binutils/bin/nm -B output from gcc object
configure:5727: gcc -c -g -O2 -I/Users/georgezhou/Downloads/heif/build/jpeg/include conftest.c >&5
configure:5730: $? = 0
configure:5734: /usr/local/opt/binutils/bin/nm -B conftest.o \| sed -n -e 's/^.*[ ]\([ABCDGIRSTW][ABCDGIRSTW]*\)[ ][ ]*\([_A-Za-z][_A-Za-z0-9]*\)$/\1 \2 \2/p' | sed '/ __gnu_lto/d' \> conftest.nm
configure:5737: $? = 0
cannot find nm_test_var in conftest.nm
configure:5727: gcc -c -g -O2 -I/Users/georgezhou/Downloads/heif/build/jpeg/include conftest.c >&5
configure:5730: $? = 0
configure:5734: /usr/local/opt/binutils/bin/nm -B conftest.o \| sed -n -e 's/^.*[ ]\([ABCDGIRSTW][ABCDGIRSTW]*\)[ ][ ]*_\([_A-Za-z][_A-Za-z0-9]*\)$/\1 _\2 \2/p' | sed '/ __gnu_lto/d' \> conftest.nm
configure:5737: $? = 0
configure:5803: gcc -o conftest -g -O2 -I/Users/georgezhou/Downloads/heif/build/jpeg/include -L/Users/georgezhou/Downloads/heif/build/jpeg/lib64 conftest.c conftstm.o >&5
ld: warning: directory not found for option '-L/Users/georgezhou/Downloads/heif/build/jpeg/lib64'
warning: (x86_64)  could not find object file symbol for symbol _main
configure:5806: $? = 0
configure:5844: result: ok
configure:5891: checking for sysroot
configure:5921: result: no
configure:5928: checking for a working dd
configure:5966: result: /bin/dd
configure:5970: checking how to truncate binary pipes
configure:5985: result: /bin/dd bs=4096 count=1
configure:6314: checking for mt
configure:6344: result: no
configure:6364: checking if : is a manifest tool
configure:6370: : '-?'
configure:6378: result: no
configure:6434: checking for dsymutil
configure:6450: found /usr/bin/dsymutil
configure:6461: result: dsymutil
configure:6526: checking for nmedit
configure:6542: found /usr/bin/nmedit
configure:6553: result: nmedit
configure:6618: checking for lipo
configure:6634: found /usr/bin/lipo
configure:6645: result: lipo
configure:6710: checking for otool
configure:6726: found /usr/bin/otool
configure:6737: result: otool
configure:6802: checking for otool64
configure:6832: result: no
configure:6877: checking for -single_module linker flag
gcc -g -O2 -L/Users/georgezhou/Downloads/heif/build/jpeg/lib64 -o libconftest.dylib -dynamiclib -Wl,-single_module conftest.c
configure:6910: result: yes
configure:6913: checking for -exported_symbols_list linker flag
configure:6933: gcc -o conftest -g -O2 -I/Users/georgezhou/Downloads/heif/build/jpeg/include -L/Users/georgezhou/Downloads/heif/build/jpeg/lib64 -Wl,-exported_symbols_list,conftest.sym conftest.c  >&5
ld: warning: directory not found for option '-L/Users/georgezhou/Downloads/heif/build/jpeg/lib64'
configure:6933: $? = 0
configure:6943: result: yes
configure:6946: checking for -force_load linker flag
gcc -g -O2 -c -o conftest.o conftest.c
ar cru libconftest.a conftest.o
ranlib libconftest.a
gcc -g -O2 -L/Users/georgezhou/Downloads/heif/build/jpeg/lib64 -o conftest conftest.c -Wl,-force_load,./libconftest.a
configure:6978: result: yes
configure:7055: checking how to run the C preprocessor
configure:7086: gcc -E -I/Users/georgezhou/Downloads/heif/build/jpeg/include conftest.c
configure:7086: $? = 0
configure:7100: gcc -E -I/Users/georgezhou/Downloads/heif/build/jpeg/include conftest.c
conftest.c:9:10: fatal error: 'ac_nonexistent.h' file not found
#include <ac_nonexistent.h>
         ^~~~~~~~~~~~~~~~~~
1 error generated.
configure:7100: $? = 1
configure: failed program was:
| /* confdefs.h */
| #define PACKAGE_NAME "libheif"
| #define PACKAGE_TARNAME "libheif"
| #define PACKAGE_VERSION "1.6.2"
| #define PACKAGE_STRING "libheif 1.6.2"
| #define PACKAGE_BUGREPORT "opensource@struktur.de"
| #define PACKAGE_URL ""
| /* end confdefs.h.  */
| #include <ac_nonexistent.h>
configure:7125: result: gcc -E
configure:7145: gcc -E -I/Users/georgezhou/Downloads/heif/build/jpeg/include conftest.c
configure:7145: $? = 0
configure:7159: gcc -E -I/Users/georgezhou/Downloads/heif/build/jpeg/include conftest.c
conftest.c:9:10: fatal error: 'ac_nonexistent.h' file not found
#include <ac_nonexistent.h>
         ^~~~~~~~~~~~~~~~~~
1 error generated.
configure:7159: $? = 1
configure: failed program was:
| /* confdefs.h */
| #define PACKAGE_NAME "libheif"
| #define PACKAGE_TARNAME "libheif"
| #define PACKAGE_VERSION "1.6.2"
| #define PACKAGE_STRING "libheif 1.6.2"
| #define PACKAGE_BUGREPORT "opensource@struktur.de"
| #define PACKAGE_URL ""
| /* end confdefs.h.  */
| #include <ac_nonexistent.h>
configure:7188: checking for ANSI C header files
configure:7208: gcc -c -g -O2 -I/Users/georgezhou/Downloads/heif/build/jpeg/include conftest.c >&5
configure:7208: $? = 0
configure:7281: gcc -o conftest -g -O2 -I/Users/georgezhou/Downloads/heif/build/jpeg/include -L/Users/georgezhou/Downloads/heif/build/jpeg/lib64 conftest.c  >&5
ld: warning: directory not found for option '-L/Users/georgezhou/Downloads/heif/build/jpeg/lib64'
configure:7281: $? = 0
configure:7281: ./conftest
configure:7281: $? = 0
configure:7292: result: yes
configure:7305: checking for sys/types.h
configure:7305: gcc -c -g -O2 -I/Users/georgezhou/Downloads/heif/build/jpeg/include conftest.c >&5
configure:7305: $? = 0
configure:7305: result: yes
configure:7305: checking for sys/stat.h
configure:7305: gcc -c -g -O2 -I/Users/georgezhou/Downloads/heif/build/jpeg/include conftest.c >&5
configure:7305: $? = 0
configure:7305: result: yes
configure:7305: checking for stdlib.h
configure:7305: gcc -c -g -O2 -I/Users/georgezhou/Downloads/heif/build/jpeg/include conftest.c >&5
configure:7305: $? = 0
configure:7305: result: yes
configure:7305: checking for string.h
configure:7305: gcc -c -g -O2 -I/Users/georgezhou/Downloads/heif/build/jpeg/include conftest.c >&5
configure:7305: $? = 0
configure:7305: result: yes
configure:7305: checking for memory.h
configure:7305: gcc -c -g -O2 -I/Users/georgezhou/Downloads/heif/build/jpeg/include conftest.c >&5
configure:7305: $? = 0
configure:7305: result: yes
configure:7305: checking for strings.h
configure:7305: gcc -c -g -O2 -I/Users/georgezhou/Downloads/heif/build/jpeg/include conftest.c >&5
configure:7305: $? = 0
configure:7305: result: yes
configure:7305: checking for inttypes.h
configure:7305: gcc -c -g -O2 -I/Users/georgezhou/Downloads/heif/build/jpeg/include conftest.c >&5
configure:7305: $? = 0
configure:7305: result: yes
configure:7305: checking for stdint.h
configure:7305: gcc -c -g -O2 -I/Users/georgezhou/Downloads/heif/build/jpeg/include conftest.c >&5
configure:7305: $? = 0
configure:7305: result: yes
configure:7305: checking for unistd.h
configure:7305: gcc -c -g -O2 -I/Users/georgezhou/Downloads/heif/build/jpeg/include conftest.c >&5
configure:7305: $? = 0
configure:7305: result: yes
configure:7319: checking for dlfcn.h
configure:7319: gcc -c -g -O2 -I/Users/georgezhou/Downloads/heif/build/jpeg/include conftest.c >&5
configure:7319: $? = 0
configure:7319: result: yes
configure:7575: checking for objdir
configure:7590: result: .libs
configure:7854: checking if gcc supports -fno-rtti -fno-exceptions
configure:7872: gcc -c -g -O2 -I/Users/georgezhou/Downloads/heif/build/jpeg/include -fno-rtti -fno-exceptions conftest.c >&5
configure:7876: $? = 0
configure:7889: result: yes
configure:8247: checking for gcc option to produce PIC
configure:8254: result: -fno-common -DPIC
configure:8262: checking if gcc PIC flag -fno-common -DPIC works
configure:8280: gcc -c -g -O2 -I/Users/georgezhou/Downloads/heif/build/jpeg/include -fno-common -DPIC -DPIC conftest.c >&5
configure:8284: $? = 0
configure:8297: result: yes
configure:8326: checking if gcc static flag -static works
configure:8354: result: no
configure:8369: checking if gcc supports -c -o file.o
configure:8390: gcc -c -g -O2 -I/Users/georgezhou/Downloads/heif/build/jpeg/include -o out/conftest2.o conftest.c >&5
configure:8394: $? = 0
configure:8416: result: yes
configure:8424: checking if gcc supports -c -o file.o
configure:8471: result: yes
configure:8504: checking whether the gcc linker (/Library/Developer/CommandLineTools/usr/bin/ld) supports shared libraries
configure:9763: result: yes
configure:10003: checking dynamic linker characteristics
configure:10821: result: darwin19.4.0 dyld
configure:10943: checking how to hardcode library paths into programs
configure:10968: result: immediate
configure:11516: checking whether stripping libraries is possible
configure:11521: result: yes
configure:11556: checking if libtool supports shared libraries
configure:11558: result: yes
configure:11561: checking whether to build shared libraries
configure:11586: result: no
configure:11589: checking whether to build static libraries
configure:11593: result: yes
configure:11683: checking for style of include used by make
configure:11711: result: GNU
configure:11743: checking dependency style of gcc
configure:11852: result: gcc3
configure:11925: checking for g++
configure:11941: found /usr/bin/g++
configure:11952: result: g++
configure:11979: checking for C++ compiler version
configure:11988: g++ --version >&5
Apple clang version 11.0.3 (clang-1103.0.32.59)
Target: x86_64-apple-darwin19.4.0
Thread model: posix
InstalledDir: /Library/Developer/CommandLineTools/usr/bin
Configured with: --prefix=/Library/Developer/CommandLineTools/usr --with-gxx-include-dir=/Library/Developer/CommandLineTools/SDKs/MacOSX.sdk/usr/include/c++/4.2.1
configure:11999: $? = 0
configure:11988: g++ -v >&5
Configured with: --prefix=/Library/Developer/CommandLineTools/usr --with-gxx-include-dir=/Library/Developer/CommandLineTools/SDKs/MacOSX.sdk/usr/include/c++/4.2.1
Apple clang version 11.0.3 (clang-1103.0.32.59)
Target: x86_64-apple-darwin19.4.0
Thread model: posix
InstalledDir: /Library/Developer/CommandLineTools/usr/bin
configure:11999: $? = 0
configure:11988: g++ -V >&5
clang: error: unsupported option '-V -Wno-objc-signed-char-bool-implicit-int-conversion'
clang: error: no input files
configure:11999: $? = 1
configure:11988: g++ -qversion >&5
clang: error: unknown argument '-qversion'; did you mean '--version'?
clang: error: no input files
configure:11999: $? = 1
configure:12003: checking whether we are using the GNU C++ compiler
configure:12022: g++ -c  -I/Users/georgezhou/Downloads/heif/build/jpeg/include conftest.cpp >&5
configure:12022: $? = 0
configure:12031: result: yes
configure:12040: checking whether g++ accepts -g
configure:12060: g++ -c -g -I/Users/georgezhou/Downloads/heif/build/jpeg/include conftest.cpp >&5
configure:12060: $? = 0
configure:12101: result: yes
configure:12142: checking how to run the C++ preprocessor
configure:12169: g++ -E -I/Users/georgezhou/Downloads/heif/build/jpeg/include conftest.cpp
configure:12169: $? = 0
configure:12183: g++ -E -I/Users/georgezhou/Downloads/heif/build/jpeg/include conftest.cpp
conftest.cpp:21:10: fatal error: 'ac_nonexistent.h' file not found
#include <ac_nonexistent.h>
         ^~~~~~~~~~~~~~~~~~
1 error generated.
configure:12183: $? = 1
configure: failed program was:
| /* confdefs.h */
| #define PACKAGE_NAME "libheif"
| #define PACKAGE_TARNAME "libheif"
| #define PACKAGE_VERSION "1.6.2"
| #define PACKAGE_STRING "libheif 1.6.2"
| #define PACKAGE_BUGREPORT "opensource@struktur.de"
| #define PACKAGE_URL ""
| #define STDC_HEADERS 1
| #define HAVE_SYS_TYPES_H 1
| #define HAVE_SYS_STAT_H 1
| #define HAVE_STDLIB_H 1
| #define HAVE_STRING_H 1
| #define HAVE_MEMORY_H 1
| #define HAVE_STRINGS_H 1
| #define HAVE_INTTYPES_H 1
| #define HAVE_STDINT_H 1
| #define HAVE_UNISTD_H 1
| #define HAVE_DLFCN_H 1
| #define LT_OBJDIR ".libs/"
| /* end confdefs.h.  */
| #include <ac_nonexistent.h>
configure:12208: result: g++ -E
configure:12228: g++ -E -I/Users/georgezhou/Downloads/heif/build/jpeg/include conftest.cpp
configure:12228: $? = 0
configure:12242: g++ -E -I/Users/georgezhou/Downloads/heif/build/jpeg/include conftest.cpp
conftest.cpp:21:10: fatal error: 'ac_nonexistent.h' file not found
#include <ac_nonexistent.h>
         ^~~~~~~~~~~~~~~~~~
1 error generated.
configure:12242: $? = 1
configure: failed program was:
| /* confdefs.h */
| #define PACKAGE_NAME "libheif"
| #define PACKAGE_TARNAME "libheif"
| #define PACKAGE_VERSION "1.6.2"
| #define PACKAGE_STRING "libheif 1.6.2"
| #define PACKAGE_BUGREPORT "opensource@struktur.de"
| #define PACKAGE_URL ""
| #define STDC_HEADERS 1
| #define HAVE_SYS_TYPES_H 1
| #define HAVE_SYS_STAT_H 1
| #define HAVE_STDLIB_H 1
| #define HAVE_STRING_H 1
| #define HAVE_MEMORY_H 1
| #define HAVE_STRINGS_H 1
| #define HAVE_INTTYPES_H 1
| #define HAVE_STDINT_H 1
| #define HAVE_UNISTD_H 1
| #define HAVE_DLFCN_H 1
| #define LT_OBJDIR ".libs/"
| /* end confdefs.h.  */
| #include <ac_nonexistent.h>
configure:12404: checking for ld used by g++
configure:12471: result: /Library/Developer/CommandLineTools/usr/bin/ld
configure:12478: checking if the linker (/Library/Developer/CommandLineTools/usr/bin/ld) is GNU ld
configure:12493: result: no
configure:12548: checking whether the g++ linker (/Library/Developer/CommandLineTools/usr/bin/ld) supports shared libraries
configure:13621: result: yes
configure:13657: g++ -c -g -O2 -I/Users/georgezhou/Downloads/heif/build/jpeg/include conftest.cpp >&5
configure:13660: $? = 0
configure:14141: checking for g++ option to produce PIC
configure:14148: result: -fno-common -DPIC
configure:14156: checking if g++ PIC flag -fno-common -DPIC works
configure:14174: g++ -c -g -O2 -I/Users/georgezhou/Downloads/heif/build/jpeg/include -fno-common -DPIC -DPIC conftest.cpp >&5
configure:14178: $? = 0
configure:14191: result: yes
configure:14214: checking if g++ static flag -static works
configure:14242: result: no
configure:14254: checking if g++ supports -c -o file.o
configure:14275: g++ -c -g -O2 -I/Users/georgezhou/Downloads/heif/build/jpeg/include -o out/conftest2.o conftest.cpp >&5
configure:14279: $? = 0
configure:14301: result: yes
configure:14306: checking if g++ supports -c -o file.o
configure:14353: result: yes
configure:14383: checking whether the g++ linker (/Library/Developer/CommandLineTools/usr/bin/ld) supports shared libraries
configure:14423: result: yes
configure:14564: checking dynamic linker characteristics
configure:15309: result: darwin19.4.0 dyld
configure:15374: checking how to hardcode library paths into programs
configure:15399: result: immediate
configure:15487: checking for gcc
configure:15514: result: gcc
configure:15743: checking for C compiler version
configure:15752: gcc --version >&5
Apple clang version 11.0.3 (clang-1103.0.32.59)
Target: x86_64-apple-darwin19.4.0
Thread model: posix
InstalledDir: /Library/Developer/CommandLineTools/usr/bin
Configured with: --prefix=/Library/Developer/CommandLineTools/usr --with-gxx-include-dir=/Library/Developer/CommandLineTools/SDKs/MacOSX.sdk/usr/include/c++/4.2.1
configure:15763: $? = 0
configure:15752: gcc -v >&5
Configured with: --prefix=/Library/Developer/CommandLineTools/usr --with-gxx-include-dir=/Library/Developer/CommandLineTools/SDKs/MacOSX.sdk/usr/include/c++/4.2.1
Apple clang version 11.0.3 (clang-1103.0.32.59)
Target: x86_64-apple-darwin19.4.0
Thread model: posix
InstalledDir: /Library/Developer/CommandLineTools/usr/bin
configure:15763: $? = 0
configure:15752: gcc -V >&5
clang: error: unsupported option '-V -Wno-objc-signed-char-bool-implicit-int-conversion'
clang: error: no input files
configure:15763: $? = 1
configure:15752: gcc -qversion >&5
clang: error: unknown argument '-qversion'; did you mean '--version'?
clang: error: no input files
configure:15763: $? = 1
configure:15767: checking whether we are using the GNU C compiler
configure:15795: result: yes
configure:15804: checking whether gcc accepts -g
configure:15865: result: yes
configure:15882: checking for gcc option to accept ISO C89
configure:15958: result: none needed
configure:15983: checking whether gcc understands -c and -o together
configure:16020: result: yes
configure:16051: checking for a BSD-compatible install
configure:16119: result: /usr/local/bin/ginstall -c
configure:16130: checking whether ln -s works
configure:16134: result: yes
configure:16141: checking for grep that handles long lines and -e
configure:16199: result: /usr/bin/grep
configure:16212: checking for go
configure:16243: result: no
configure:16291: checking whether build environment is sane
configure:16346: result: yes
configure:16494: checking for a thread-safe mkdir -p
configure:16533: result: /usr/local/bin/gmkdir -p
configure:16536: checking whether make sets $(MAKE)
configure:16558: result: yes
configure:16578: checking whether make supports nested variables
configure:16595: result: yes
configure:16680: checking dependency style of gcc
configure:16791: result: gcc3
configure:16808: checking dependency style of g++
configure:16919: result: gcc3
configure:16986: checking whether g++ supports C++11 features by default
configure:17020: g++ -c -g -O2 -I/Users/georgezhou/Downloads/heif/build/jpeg/include conftest.cpp >&5
conftest.cpp:27:21: error: expected parameter declarator
      static_assert(sizeof(int) <= sizeof(T), "not big enough");
                    ^
conftest.cpp:27:21: error: expected ')'
conftest.cpp:27:20: note: to match this '('
      static_assert(sizeof(int) <= sizeof(T), "not big enough");
                   ^
conftest.cpp:27:7: error: C++ requires a type specifier for all declarations
      static_assert(sizeof(int) <= sizeof(T), "not big enough");
      ^
conftest.cpp:37:29: error: a space is required between consecutive right angle brackets (use '> >')
    typedef check<check<bool>> right_angle_brackets;
                            ^~
                            > >
conftest.cpp:40:5: error: unknown type name 'decltype'
    decltype(a) b;
    ^
conftest.cpp:40:16: error: expected ';' after top level declarator
    decltype(a) b;
               ^
               ;
conftest.cpp:44:15: warning: rvalue references are a C++11 extension [-Wc++11-extensions]
    check_type&& cr = static_cast<check_type&&>(c);
              ^
conftest.cpp:44:45: warning: rvalue references are a C++11 extension [-Wc++11-extensions]
    check_type&& cr = static_cast<check_type&&>(c);
                                            ^
conftest.cpp:46:5: warning: 'auto' type specifier is a C++11 extension [-Wc++11-extensions]
    auto d = a;
    ^
conftest.cpp:47:5: warning: 'auto' type specifier is a C++11 extension [-Wc++11-extensions]
    auto l = [](){};
    ^
conftest.cpp:47:14: error: expected expression
    auto l = [](){};
             ^
4 warnings and 7 errors generated.
configure:17020: $? = 1
configure: failed program was:
| /* confdefs.h */
| #define PACKAGE_NAME "libheif"
| #define PACKAGE_TARNAME "libheif"
| #define PACKAGE_VERSION "1.6.2"
| #define PACKAGE_STRING "libheif 1.6.2"
| #define PACKAGE_BUGREPORT "opensource@struktur.de"
| #define PACKAGE_URL ""
| #define STDC_HEADERS 1
| #define HAVE_SYS_TYPES_H 1
| #define HAVE_SYS_STAT_H 1
| #define HAVE_STDLIB_H 1
| #define HAVE_STRING_H 1
| #define HAVE_MEMORY_H 1
| #define HAVE_STRINGS_H 1
| #define HAVE_INTTYPES_H 1
| #define HAVE_STDINT_H 1
| #define HAVE_UNISTD_H 1
| #define HAVE_DLFCN_H 1
| #define LT_OBJDIR ".libs/"
| #define PACKAGE "libheif"
| #define VERSION "1.6.2"
| /* end confdefs.h.  */
| 
|   template <typename T>
|     struct check
|     {
|       static_assert(sizeof(int) <= sizeof(T), "not big enough");
|     };
| 
|     struct Base {
|     virtual void f() {}
|     };
|     struct Child : public Base {
|     virtual void f() {} // DiFa: override {}   # override not supported in gcc 4.6
|     };
| 
|     typedef check<check<bool>> right_angle_brackets;
| 
|     int a;
|     decltype(a) b;
| 
|     typedef check<int> check_type;
|     check_type c;
|     check_type&& cr = static_cast<check_type&&>(c);
| 
|     auto d = a;
|     auto l = [](){};
| 
configure:17027: result: no
configure:17036: checking whether g++ supports C++11 features with -std=gnu++11
configure:17072: g++ -c -g -O2 -std=gnu++11 -I/Users/georgezhou/Downloads/heif/build/jpeg/include conftest.cpp >&5
configure:17072: $? = 0
configure:17081: result: yes
configure:17174: checking for stdbool.h that conforms to C99
configure:17241: gcc -c -g -O2 -I/Users/georgezhou/Downloads/heif/build/jpeg/include conftest.c >&5
conftest.c:72:24: warning: address of 's' will always evaluate to 'true' [-Wpointer-bool-conversion]
             bool e = &s;
                  ~    ^
conftest.c:76:23: warning: address of array 'a' will always evaluate to 'true' [-Wpointer-bool-conversion]
             return (!a + !b + !c + !d + !e + !f + !g + !h + !i + !!j + !k + !!l
                     ~^
conftest.c:76:28: warning: address of array 'b' will always evaluate to 'true' [-Wpointer-bool-conversion]
             return (!a + !b + !c + !d + !e + !f + !g + !h + !i + !!j + !k + !!l
                          ~^
conftest.c:76:33: warning: address of array 'c' will always evaluate to 'true' [-Wpointer-bool-conversion]
             return (!a + !b + !c + !d + !e + !f + !g + !h + !i + !!j + !k + !!l
                               ~^
conftest.c:76:38: warning: address of array 'd' will always evaluate to 'true' [-Wpointer-bool-conversion]
             return (!a + !b + !c + !d + !e + !f + !g + !h + !i + !!j + !k + !!l
                                    ~^
conftest.c:76:48: warning: address of array 'f' will always evaluate to 'true' [-Wpointer-bool-conversion]
             return (!a + !b + !c + !d + !e + !f + !g + !h + !i + !!j + !k + !!l
                                              ~^
conftest.c:76:53: warning: address of array 'g' will always evaluate to 'true' [-Wpointer-bool-conversion]
             return (!a + !b + !c + !d + !e + !f + !g + !h + !i + !!j + !k + !!l
                                                   ~^
conftest.c:76:58: warning: address of array 'h' will always evaluate to 'true' [-Wpointer-bool-conversion]
             return (!a + !b + !c + !d + !e + !f + !g + !h + !i + !!j + !k + !!l
                                                        ~^
conftest.c:76:63: warning: address of array 'i' will always evaluate to 'true' [-Wpointer-bool-conversion]
             return (!a + !b + !c + !d + !e + !f + !g + !h + !i + !!j + !k + !!l
                                                             ~^
conftest.c:77:30: warning: address of array 'n' will always evaluate to 'true' [-Wpointer-bool-conversion]
                            ~^
conftest.c:77:35: warning: address of array 'o' will always evaluate to 'true' [-Wpointer-bool-conversion]
                                 ~^
conftest.c:77:40: warning: address of array 'p' will always evaluate to 'true' [-Wpointer-bool-conversion]
                                      ~^
12 warnings generated.
configure:17241: $? = 0
configure:17248: result: yes
configure:17250: checking for _Bool
configure:17250: gcc -c -g -O2 -I/Users/georgezhou/Downloads/heif/build/jpeg/include conftest.c >&5
configure:17250: $? = 0
configure:17250: gcc -c -g -O2 -I/Users/georgezhou/Downloads/heif/build/jpeg/include conftest.c >&5
conftest.c:59:20: error: expected expression
if (sizeof ((_Bool)))
                   ^
1 error generated.
configure:17250: $? = 1
configure: failed program was:
| /* confdefs.h */
| #define PACKAGE_NAME "libheif"
| #define PACKAGE_TARNAME "libheif"
| #define PACKAGE_VERSION "1.6.2"
| #define PACKAGE_STRING "libheif 1.6.2"
| #define PACKAGE_BUGREPORT "opensource@struktur.de"
| #define PACKAGE_URL ""
| #define STDC_HEADERS 1
| #define HAVE_SYS_TYPES_H 1
| #define HAVE_SYS_STAT_H 1
| #define HAVE_STDLIB_H 1
| #define HAVE_STRING_H 1
| #define HAVE_MEMORY_H 1
| #define HAVE_STRINGS_H 1
| #define HAVE_INTTYPES_H 1
| #define HAVE_STDINT_H 1
| #define HAVE_UNISTD_H 1
| #define HAVE_DLFCN_H 1
| #define LT_OBJDIR ".libs/"
| #define PACKAGE "libheif"
| #define VERSION "1.6.2"
| /* end confdefs.h.  */
| #include <stdio.h>
| #ifdef HAVE_SYS_TYPES_H
| # include <sys/types.h>
| #endif
| #ifdef HAVE_SYS_STAT_H
| # include <sys/stat.h>
| #endif
| #ifdef STDC_HEADERS
| # include <stdlib.h>
| # include <stddef.h>
| #else
| # ifdef HAVE_STDLIB_H
| #  include <stdlib.h>
| # endif
| #endif
| #ifdef HAVE_STRING_H
| # if !defined STDC_HEADERS && defined HAVE_MEMORY_H
| #  include <memory.h>
| # endif
| # include <string.h>
| #endif
| #ifdef HAVE_STRINGS_H
| # include <strings.h>
| #endif
| #ifdef HAVE_INTTYPES_H
| # include <inttypes.h>
| #endif
| #ifdef HAVE_STDINT_H
| # include <stdint.h>
| #endif
| #ifdef HAVE_UNISTD_H
| # include <unistd.h>
| #endif
| int
| main ()
| {
| if (sizeof ((_Bool)))
| 	    return 0;
|   ;
|   return 0;
| }
configure:17250: result: yes
configure:17270: checking for inttypes.h
configure:17270: result: yes
configure:17270: checking stddef.h usability
configure:17270: gcc -c -g -O2 -I/Users/georgezhou/Downloads/heif/build/jpeg/include conftest.c >&5
configure:17270: $? = 0
configure:17270: result: yes
configure:17270: checking stddef.h presence
configure:17270: gcc -E -I/Users/georgezhou/Downloads/heif/build/jpeg/include conftest.c
configure:17270: $? = 0
configure:17270: result: yes
configure:17270: checking for stddef.h
configure:17270: result: yes
configure:17270: checking for unistd.h
configure:17270: result: yes
configure:17280: checking for inline
configure:17296: gcc -c -g -O2 -I/Users/georgezhou/Downloads/heif/build/jpeg/include conftest.c >&5
configure:17296: $? = 0
configure:17304: result: inline
configure:17322: checking for error_at_line
configure:17338: gcc -o conftest -g -O2 -I/Users/georgezhou/Downloads/heif/build/jpeg/include -L/Users/georgezhou/Downloads/heif/build/jpeg/lib64 conftest.c  >&5
conftest.c:28:10: fatal error: 'error.h' file not found
#include <error.h>
         ^~~~~~~~~
1 error generated.
configure:17338: $? = 1
configure: failed program was:
| /* confdefs.h */
| #define PACKAGE_NAME "libheif"
| #define PACKAGE_TARNAME "libheif"
| #define PACKAGE_VERSION "1.6.2"
| #define PACKAGE_STRING "libheif 1.6.2"
| #define PACKAGE_BUGREPORT "opensource@struktur.de"
| #define PACKAGE_URL ""
| #define STDC_HEADERS 1
| #define HAVE_SYS_TYPES_H 1
| #define HAVE_SYS_STAT_H 1
| #define HAVE_STDLIB_H 1
| #define HAVE_STRING_H 1
| #define HAVE_MEMORY_H 1
| #define HAVE_STRINGS_H 1
| #define HAVE_INTTYPES_H 1
| #define HAVE_STDINT_H 1
| #define HAVE_UNISTD_H 1
| #define HAVE_DLFCN_H 1
| #define LT_OBJDIR ".libs/"
| #define PACKAGE "libheif"
| #define VERSION "1.6.2"
| #define HAVE__BOOL 1
| #define HAVE_STDBOOL_H 1
| #define HAVE_INTTYPES_H 1
| #define HAVE_STDDEF_H 1
| #define HAVE_UNISTD_H 1
| /* end confdefs.h.  */
| #include <error.h>
| int
| main ()
| {
| error_at_line (0, 0, "", 0, "an error occurred");
|   ;
|   return 0;
| }
configure:17346: result: no
configure:17358: checking for size_t
configure:17358: gcc -c -g -O2 -I/Users/georgezhou/Downloads/heif/build/jpeg/include conftest.c >&5
configure:17358: $? = 0
configure:17358: gcc -c -g -O2 -I/Users/georgezhou/Downloads/heif/build/jpeg/include conftest.c >&5
conftest.c:64:21: error: expected expression
if (sizeof ((size_t)))
                    ^
1 error generated.
configure:17358: $? = 1
configure: failed program was:
| /* confdefs.h */
| #define PACKAGE_NAME "libheif"
| #define PACKAGE_TARNAME "libheif"
| #define PACKAGE_VERSION "1.6.2"
| #define PACKAGE_STRING "libheif 1.6.2"
| #define PACKAGE_BUGREPORT "opensource@struktur.de"
| #define PACKAGE_URL ""
| #define STDC_HEADERS 1
| #define HAVE_SYS_TYPES_H 1
| #define HAVE_SYS_STAT_H 1
| #define HAVE_STDLIB_H 1
| #define HAVE_STRING_H 1
| #define HAVE_MEMORY_H 1
| #define HAVE_STRINGS_H 1
| #define HAVE_INTTYPES_H 1
| #define HAVE_STDINT_H 1
| #define HAVE_UNISTD_H 1
| #define HAVE_DLFCN_H 1
| #define LT_OBJDIR ".libs/"
| #define PACKAGE "libheif"
| #define VERSION "1.6.2"
| #define HAVE__BOOL 1
| #define HAVE_STDBOOL_H 1
| #define HAVE_INTTYPES_H 1
| #define HAVE_STDDEF_H 1
| #define HAVE_UNISTD_H 1
| /* end confdefs.h.  */
| #include <stdio.h>
| #ifdef HAVE_SYS_TYPES_H
| # include <sys/types.h>
| #endif
| #ifdef HAVE_SYS_STAT_H
| # include <sys/stat.h>
| #endif
| #ifdef STDC_HEADERS
| # include <stdlib.h>
| # include <stddef.h>
| #else
| # ifdef HAVE_STDLIB_H
| #  include <stdlib.h>
| # endif
| #endif
| #ifdef HAVE_STRING_H
| # if !defined STDC_HEADERS && defined HAVE_MEMORY_H
| #  include <memory.h>
| # endif
| # include <string.h>
| #endif
| #ifdef HAVE_STRINGS_H
| # include <strings.h>
| #endif
| #ifdef HAVE_INTTYPES_H
| # include <inttypes.h>
| #endif
| #ifdef HAVE_STDINT_H
| # include <stdint.h>
| #endif
| #ifdef HAVE_UNISTD_H
| # include <unistd.h>
| #endif
| int
| main ()
| {
| if (sizeof ((size_t)))
| 	    return 0;
|   ;
|   return 0;
| }
configure:17358: result: yes
configure:17369: checking for uint8_t
configure:17369: gcc -c -g -O2 -I/Users/georgezhou/Downloads/heif/build/jpeg/include conftest.c >&5
configure:17369: $? = 0
configure:17369: result: yes
configure:17383: checking for uint16_t
configure:17383: gcc -c -g -O2 -I/Users/georgezhou/Downloads/heif/build/jpeg/include conftest.c >&5
configure:17383: $? = 0
configure:17383: result: yes
configure:17395: checking for uint32_t
configure:17395: gcc -c -g -O2 -I/Users/georgezhou/Downloads/heif/build/jpeg/include conftest.c >&5
configure:17395: $? = 0
configure:17395: result: yes
configure:17409: checking for uint64_t
configure:17409: gcc -c -g -O2 -I/Users/georgezhou/Downloads/heif/build/jpeg/include conftest.c >&5
configure:17409: $? = 0
configure:17409: result: yes
configure:17424: checking for pthread_create in -lpthread
configure:17449: gcc -o conftest -g -O2 -I/Users/georgezhou/Downloads/heif/build/jpeg/include -L/Users/georgezhou/Downloads/heif/build/jpeg/lib64 conftest.c -lpthread   >&5
conftest.c:35:6: warning: declaration of built-in function 'pthread_create' requires inclusion of the header <pthread.h> [-Wbuiltin-requires-header]
char pthread_create ();
     ^
1 warning generated.
ld: warning: directory not found for option '-L/Users/georgezhou/Downloads/heif/build/jpeg/lib64'
configure:17449: $? = 0
configure:17458: result: yes
configure:17479: checking for simple visibility declarations
configure:17501: gcc -c -g -O2 -fvisibility=hidden -I/Users/georgezhou/Downloads/heif/build/jpeg/include conftest.c >&5
configure:17501: $? = 0
configure:17510: result: yes
configure:17614: checking for pkg-config
configure:17632: found /usr/local/bin/pkg-config
configure:17644: result: /usr/local/bin/pkg-config
configure:17669: checking pkg-config is at least version 0.9.0
configure:17672: result: yes
configure:17682: checking for libde265
configure:17689: $PKG_CONFIG --exists --print-errors "libde265"
configure:17692: $? = 0
configure:17706: $PKG_CONFIG --exists --print-errors "libde265"
configure:17709: $? = 0
configure:17747: result: yes
configure:17770: checking for x265
configure:17777: $PKG_CONFIG --exists --print-errors "x265"
Package x265 was not found in the pkg-config search path.
Perhaps you should add the directory containing `x265.pc'
to the PKG_CONFIG_PATH environment variable
No package 'x265' found
configure:17780: $? = 1
configure:17794: $PKG_CONFIG --exists --print-errors "x265"
Package x265 was not found in the pkg-config search path.
Perhaps you should add the directory containing `x265.pc'
to the PKG_CONFIG_PATH environment variable
No package 'x265' found
configure:17797: $? = 1
configure:17811: result: no
No package 'x265' found
configure:17858: checking jpeglib.h usability
configure:17858: gcc -c -g -O2 -I/Users/georgezhou/Downloads/heif/build/jpeg/include conftest.c >&5
configure:17858: $? = 0
configure:17858: result: yes
configure:17858: checking jpeglib.h presence
configure:17858: gcc -E -I/Users/georgezhou/Downloads/heif/build/jpeg/include conftest.c
configure:17858: $? = 0
configure:17858: result: yes
configure:17858: checking for jpeglib.h
configure:17858: result: yes
configure:17868: checking for jpeg_CreateCompress in -ljpeg
configure:17893: gcc -o conftest -g -O2 -I/Users/georgezhou/Downloads/heif/build/jpeg/include -L/Users/georgezhou/Downloads/heif/build/jpeg/lib64 conftest.c -ljpeg  -lpthread  >&5
ld: warning: directory not found for option '-L/Users/georgezhou/Downloads/heif/build/jpeg/lib64'
configure:17893: $? = 0
configure:17902: result: yes
configure:17981: checking for jpeg_write_icc_profile
configure:18006: g++ -c -g -O2 -std=gnu++11 -I/Users/georgezhou/Downloads/heif/build/jpeg/include conftest.cpp >&5
configure:18006: $? = 0
configure:18018: result: yes
configure:18029: checking for libpng
configure:18036: $PKG_CONFIG --exists --print-errors "libpng"
configure:18039: $? = 0
configure:18053: $PKG_CONFIG --exists --print-errors "libpng"
configure:18056: $? = 0
configure:18094: result: yes
configure:18123: checking for gdk-pixbuf-2.0
configure:18130: $PKG_CONFIG --exists --print-errors "gdk-pixbuf-2.0"
Package gdk-pixbuf-2.0 was not found in the pkg-config search path.
Perhaps you should add the directory containing `gdk-pixbuf-2.0.pc'
to the PKG_CONFIG_PATH environment variable
No package 'gdk-pixbuf-2.0' found
configure:18133: $? = 1
configure:18147: $PKG_CONFIG --exists --print-errors "gdk-pixbuf-2.0"
Package gdk-pixbuf-2.0 was not found in the pkg-config search path.
Perhaps you should add the directory containing `gdk-pixbuf-2.0.pc'
to the PKG_CONFIG_PATH environment variable
No package 'gdk-pixbuf-2.0' found
configure:18150: $? = 1
configure:18164: result: no
No package 'gdk-pixbuf-2.0' found
configure:18262: Enable multithreading
configure:18280: checking whether compiler supports -Wno-error=potentially-evaluated-expression
configure:18302: g++ -c -g -O2 -std=gnu++11 -Wall -Werror -Wsign-compare -Wconversion -Wno-sign-conversion -Wno-error=conversion -Wno-error=unused-parameter -Wno-error=deprecated-declarations -Wno-error=potentially-evaluated-expression -I/Users/georgezhou/Downloads/heif/build/jpeg/include conftest.cpp >&5
configure:18302: $? = 0
configure:18308: result: yes
configure:18322: ---------------------------------------
configure:18324: Multithreading: yes
configure:18326: Symbol visibility: yes
configure:18328: libde265 decoder: yes
configure:18330: libx265 encoder: no
configure:18332: JPEG output: yes
configure:18334: PNG output: yes
configure:18336: GdkPixbuf2 loader: no
configure:18338: Examples: yes
configure:18340: Tests:  (tests will cause 'visibility' to be turned off)
configure:18342: ---------------------------------------
configure:18498: checking that generated files are newer than configure
configure:18504: result: done
configure:18559: creating ./config.status

## ---------------------- ##
## Running config.status. ##
## ---------------------- ##

This file was extended by libheif config.status 1.6.2, which was
generated by GNU Autoconf 2.69.  Invocation command line was

  CONFIG_FILES    = 
  CONFIG_HEADERS  = 
  CONFIG_LINKS    = 
  CONFIG_COMMANDS = 
  $ ./config.status 

on GeorgeMR.local

config.status:1235: creating Makefile
config.status:1235: creating examples/Makefile
config.status:1235: creating extra/Makefile
config.status:1235: creating fuzzing/Makefile
config.status:1235: creating gdk-pixbuf/Makefile
config.status:1235: creating go/Makefile
config.status:1235: creating gnome/Makefile
config.status:1235: creating scripts/Makefile
config.status:1235: creating tests/Makefile
config.status:1235: creating libheif/Makefile
config.status:1235: creating libheif/heif_version.h
config.status:1235: creating libheif.pc
config.status:1235: creating config.h
config.status:1416: config.h is unchanged
config.status:1464: executing libtool commands
config.status:1464: executing depfiles commands

## ---------------- ##
## Cache variables. ##
## ---------------- ##

ac_cv_build=x86_64-apple-darwin19.4.0
ac_cv_c_compiler_gnu=yes
ac_cv_c_inline=inline
ac_cv_c_uint16_t=yes
ac_cv_c_uint32_t=yes
ac_cv_c_uint64_t=yes
ac_cv_c_uint8_t=yes
ac_cv_cxx_compiler_gnu=yes
ac_cv_env_CCASFLAGS_set=
ac_cv_env_CCASFLAGS_value=
ac_cv_env_CCAS_set=
ac_cv_env_CCAS_value=
ac_cv_env_CCC_set=
ac_cv_env_CCC_value=
ac_cv_env_CC_set=
ac_cv_env_CC_value=
ac_cv_env_CFLAGS_set=
ac_cv_env_CFLAGS_value=
ac_cv_env_CPPFLAGS_set=set
ac_cv_env_CPPFLAGS_value=-I/Users/georgezhou/Downloads/heif/build/jpeg/include
ac_cv_env_CPP_set=
ac_cv_env_CPP_value=
ac_cv_env_CXXCPP_set=
ac_cv_env_CXXCPP_value=
ac_cv_env_CXXFLAGS_set=
ac_cv_env_CXXFLAGS_value=
ac_cv_env_CXX_set=
ac_cv_env_CXX_value=
ac_cv_env_LDFLAGS_set=set
ac_cv_env_LDFLAGS_value=-L/Users/georgezhou/Downloads/heif/build/jpeg/lib64
ac_cv_env_LIBS_set=
ac_cv_env_LIBS_value=
ac_cv_env_LT_SYS_LIBRARY_PATH_set=
ac_cv_env_LT_SYS_LIBRARY_PATH_value=
ac_cv_env_PKG_CONFIG_LIBDIR_set=
ac_cv_env_PKG_CONFIG_LIBDIR_value=
ac_cv_env_PKG_CONFIG_PATH_set=set
ac_cv_env_PKG_CONFIG_PATH_value=/Users/georgezhou/Downloads/heif/build/de265/lib/pkgconfig
ac_cv_env_PKG_CONFIG_set=
ac_cv_env_PKG_CONFIG_value=
ac_cv_env_build_alias_set=
ac_cv_env_build_alias_value=
ac_cv_env_gdkpixbuf_CFLAGS_set=
ac_cv_env_gdkpixbuf_CFLAGS_value=
ac_cv_env_gdkpixbuf_LIBS_set=
ac_cv_env_gdkpixbuf_LIBS_value=
ac_cv_env_host_alias_set=
ac_cv_env_host_alias_value=
ac_cv_env_libde265_CFLAGS_set=
ac_cv_env_libde265_CFLAGS_value=
ac_cv_env_libde265_LIBS_set=
ac_cv_env_libde265_LIBS_value=
ac_cv_env_libpng_CFLAGS_set=
ac_cv_env_libpng_CFLAGS_value=
ac_cv_env_libpng_LIBS_set=
ac_cv_env_libpng_LIBS_value=
ac_cv_env_target_alias_set=
ac_cv_env_target_alias_value=
ac_cv_env_x265_CFLAGS_set=
ac_cv_env_x265_CFLAGS_value=
ac_cv_env_x265_LIBS_set=
ac_cv_env_x265_LIBS_value=
ac_cv_header_dlfcn_h=yes
ac_cv_header_inttypes_h=yes
ac_cv_header_jpeglib_h=yes
ac_cv_header_memory_h=yes
ac_cv_header_stdbool_h=yes
ac_cv_header_stdc=yes
ac_cv_header_stddef_h=yes
ac_cv_header_stdint_h=yes
ac_cv_header_stdlib_h=yes
ac_cv_header_string_h=yes
ac_cv_header_strings_h=yes
ac_cv_header_sys_stat_h=yes
ac_cv_header_sys_types_h=yes
ac_cv_header_unistd_h=yes
ac_cv_host=x86_64-apple-darwin19.4.0
ac_cv_lib_error_at_line=no
ac_cv_lib_jpeg_jpeg_CreateCompress=yes
ac_cv_lib_pthread_pthread_create=yes
ac_cv_objext=o
ac_cv_path_EGREP='/usr/bin/grep -E'
ac_cv_path_FGREP='/usr/bin/grep -F'
ac_cv_path_GO=no
ac_cv_path_GREP=/usr/bin/grep
ac_cv_path_SED=/usr/bin/sed
ac_cv_path_ac_pt_PKG_CONFIG=/usr/local/bin/pkg-config
ac_cv_path_install='/usr/local/bin/ginstall -c'
ac_cv_path_lt_DD=/bin/dd
ac_cv_path_mkdir=/usr/local/bin/gmkdir
ac_cv_prog_AWK=awk
ac_cv_prog_CPP='gcc -E'
ac_cv_prog_CXXCPP='g++ -E'
ac_cv_prog_ac_ct_AR=ar
ac_cv_prog_ac_ct_CC=gcc
ac_cv_prog_ac_ct_CXX=g++
ac_cv_prog_ac_ct_DLLTOOL=dlltool
ac_cv_prog_ac_ct_DSYMUTIL=dsymutil
ac_cv_prog_ac_ct_LIPO=lipo
ac_cv_prog_ac_ct_NMEDIT=nmedit
ac_cv_prog_ac_ct_OBJDUMP=objdump
ac_cv_prog_ac_ct_OTOOL=otool
ac_cv_prog_ac_ct_RANLIB=ranlib
ac_cv_prog_ac_ct_STRIP=strip
ac_cv_prog_cc_c89=
ac_cv_prog_cc_g=yes
ac_cv_prog_cxx_g=yes
ac_cv_prog_make_make_set=yes
ac_cv_target=x86_64-apple-darwin19.4.0
ac_cv_type__Bool=yes
ac_cv_type_size_t=yes
am_cv_CCAS_dependencies_compiler_type=gcc3
am_cv_CC_dependencies_compiler_type=gcc3
am_cv_CXX_dependencies_compiler_type=gcc3
am_cv_make_support_nested_variables=yes
am_cv_prog_cc_c_o=yes
ax_cv_cxx_compile_cxx11=no
ax_cv_cxx_compile_cxx11__std_gnupp11=yes
gl_cv_cc_visibility=yes
lt_cv_apple_cc_single_mod=yes
lt_cv_ar_at_file=no
lt_cv_deplibs_check_method=pass_all
lt_cv_file_magic_cmd='$MAGIC_CMD'
lt_cv_file_magic_test_file=
lt_cv_ld_exported_symbols_list=yes
lt_cv_ld_force_load=yes
lt_cv_ld_reload_flag=-r
lt_cv_nm_interface='BSD nm'
lt_cv_objdir=.libs
lt_cv_path_LD=/Library/Developer/CommandLineTools/usr/bin/ld
lt_cv_path_LDCXX=/Library/Developer/CommandLineTools/usr/bin/ld
lt_cv_path_NM='/usr/local/opt/binutils/bin/nm -B'
lt_cv_path_mainfest_tool=no
lt_cv_prog_compiler_c_o=yes
lt_cv_prog_compiler_c_o_CXX=yes
lt_cv_prog_compiler_pic='-fno-common -DPIC'
lt_cv_prog_compiler_pic_CXX='-fno-common -DPIC'
lt_cv_prog_compiler_pic_works=yes
lt_cv_prog_compiler_pic_works_CXX=yes
lt_cv_prog_compiler_rtti_exceptions=yes
lt_cv_prog_compiler_static_works=no
lt_cv_prog_compiler_static_works_CXX=no
lt_cv_prog_gnu_ld=no
lt_cv_prog_gnu_ldcxx=no
lt_cv_sharedlib_from_linklib_cmd='printf %s\n'
lt_cv_sys_global_symbol_pipe='sed -n -e '\''s/^.*[	 ]\([ABCDGIRSTW][ABCDGIRSTW]*\)[	 ][	 ]*_\([_A-Za-z][_A-Za-z0-9]*\)$/\1 _\2 \2/p'\'' | sed '\''/ __gnu_lto/d'\'''
lt_cv_sys_global_symbol_to_c_name_address='sed -n -e '\''s/^: \(.*\) .*$/  {"\1", (void *) 0},/p'\'' -e '\''s/^[ABCDGIRSTW][ABCDGIRSTW]* .* \(.*\)$/  {"\1", (void *) \&\1},/p'\'''
lt_cv_sys_global_symbol_to_c_name_address_lib_prefix='sed -n -e '\''s/^: \(.*\) .*$/  {"\1", (void *) 0},/p'\'' -e '\''s/^[ABCDGIRSTW][ABCDGIRSTW]* .* \(lib.*\)$/  {"\1", (void *) \&\1},/p'\'' -e '\''s/^[ABCDGIRSTW][ABCDGIRSTW]* .* \(.*\)$/  {"lib\1", (void *) \&\1},/p'\'''
lt_cv_sys_global_symbol_to_cdecl='sed -n -e '\''s/^T .* \(.*\)$/extern int \1();/p'\'' -e '\''s/^[ABCDGIRSTW][ABCDGIRSTW]* .* \(.*\)$/extern char \1;/p'\'''
lt_cv_sys_global_symbol_to_import=
lt_cv_sys_max_cmd_len=196608
lt_cv_to_host_file_cmd=func_convert_file_noop
lt_cv_to_tool_file_cmd=func_convert_file_noop
lt_cv_truncate_bin='/bin/dd bs=4096 count=1'
pkg_cv_libde265_CFLAGS=-I/Users/georgezhou/Downloads/heif/build/de265/include
pkg_cv_libde265_LIBS='-L/Users/georgezhou/Downloads/heif/build/de265/lib -lde265'
pkg_cv_libpng_CFLAGS=-I/usr/local/Cellar/libpng/1.6.37/include/libpng16
pkg_cv_libpng_LIBS='-L/usr/local/Cellar/libpng/1.6.37/lib -lpng16 -lz'

## ----------------- ##
## Output variables. ##
## ----------------- ##

ACLOCAL='${SHELL} /Users/georgezhou/Downloads/heif/libheif-1.6.2/missing aclocal-1.15'
AMDEPBACKSLASH='\'
AMDEP_FALSE='#'
AMDEP_TRUE=''
AMTAR='$${TAR-tar}'
AM_BACKSLASH='\'
AM_DEFAULT_V='$(AM_DEFAULT_VERBOSITY)'
AM_DEFAULT_VERBOSITY='1'
AM_V='$(V)'
AR='ar'
AUTOCONF='${SHELL} /Users/georgezhou/Downloads/heif/libheif-1.6.2/missing autoconf'
AUTOHEADER='${SHELL} /Users/georgezhou/Downloads/heif/libheif-1.6.2/missing autoheader'
AUTOMAKE='${SHELL} /Users/georgezhou/Downloads/heif/libheif-1.6.2/missing automake-1.15'
AWK='awk'
CC='gcc'
CCAS='gcc'
CCASDEPMODE='depmode=gcc3'
CCASFLAGS='-g -O2'
CCDEPMODE='depmode=gcc3'
CFLAGS='-g -O2 -Wall -Werror -Wsign-compare -Wconversion -Wno-sign-conversion -Wno-error=conversion -Wno-error=unused-parameter -Wno-error=deprecated-declarations -Wno-error=potentially-evaluated-expression'
CFLAG_VISIBILITY='-fvisibility=hidden'
CPP='gcc -E'
CPPFLAGS='-I/Users/georgezhou/Downloads/heif/build/jpeg/include'
CXX='g++'
CXXCPP='g++ -E'
CXXDEPMODE='depmode=gcc3'
CXXFLAGS='-g -O2 -std=gnu++11 -Wall -Werror -Wsign-compare -Wconversion -Wno-sign-conversion -Wno-error=conversion -Wno-error=unused-parameter -Wno-error=deprecated-declarations -Wno-error=potentially-evaluated-expression'
CYGPATH_W='echo'
DEFS='-DHAVE_CONFIG_H'
DEPDIR='.deps'
DLLTOOL='dlltool'
DSYMUTIL='dsymutil'
DUMPBIN=''
ECHO_C='\c'
ECHO_N=''
ECHO_T=''
EGREP='/usr/bin/grep -E'
ENABLE_LIBFUZZER=''
ENABLE_LIBFUZZER_FALSE=''
ENABLE_LIBFUZZER_TRUE='#'
ENABLE_PARALLEL_TILE_DECODING=''
EXEEXT=''
FGREP='/usr/bin/grep -F'
FUZZING_ENGINE=''
GO='no'
GREP='/usr/bin/grep'
HAVE_CXX11=''
HAVE_GDKPIXBUF2_FALSE=''
HAVE_GDKPIXBUF2_TRUE='#'
HAVE_GO=''
HAVE_GO_FALSE=''
HAVE_GO_TRUE='#'
HAVE_LIBDE265_FALSE='#'
HAVE_LIBDE265_TRUE=''
HAVE_LIBJPEG_FALSE='#'
HAVE_LIBJPEG_TRUE=''
HAVE_LIBPNG_FALSE='#'
HAVE_LIBPNG_TRUE=''
HAVE_TESTS_FALSE=''
HAVE_TESTS_TRUE='#'
HAVE_VISIBILITY='1'
HAVE_VISIBILITY_FALSE='#'
HAVE_VISIBILITY_TRUE=''
HAVE_X265_FALSE=''
HAVE_X265_TRUE='#'
INSTALL_DATA='${INSTALL} -m 644'
INSTALL_PROGRAM='${INSTALL}'
INSTALL_SCRIPT='${INSTALL}'
INSTALL_STRIP_PROGRAM='$(install_sh) -c -s'
LD='/Library/Developer/CommandLineTools/usr/bin/ld'
LDFLAGS='-L/Users/georgezhou/Downloads/heif/build/jpeg/lib64'
LIBHEIF_AGE='6'
LIBHEIF_CURRENT='7'
LIBHEIF_REVISION='2'
LIBOBJS=' ${LIBOBJDIR}error$U.o'
LIBS='-lpthread '
LIBTOOL='$(SHELL) $(top_builddir)/libtool'
LIPO='lipo'
LN_S='ln -s'
LTLIBOBJS=' ${LIBOBJDIR}error$U.lo'
LT_SYS_LIBRARY_PATH=''
MAKEINFO='${SHELL} /Users/georgezhou/Downloads/heif/libheif-1.6.2/missing makeinfo'
MANIFEST_TOOL=':'
MINGW_FALSE=''
MINGW_TRUE='#'
MKDIR_P='/usr/local/bin/gmkdir -p'
NM='/usr/local/opt/binutils/bin/nm -B'
NMEDIT='nmedit'
OBJDUMP='objdump'
OBJEXT='o'
OTOOL64=':'
OTOOL='otool'
PACKAGE='libheif'
PACKAGE_BUGREPORT='opensource@struktur.de'
PACKAGE_NAME='libheif'
PACKAGE_STRING='libheif 1.6.2'
PACKAGE_TARNAME='libheif'
PACKAGE_URL=''
PACKAGE_VERSION='1.6.2'
PATH_SEPARATOR=':'
PKG_CONFIG='/usr/local/bin/pkg-config'
PKG_CONFIG_LIBDIR=''
PKG_CONFIG_PATH='/Users/georgezhou/Downloads/heif/build/de265/lib/pkgconfig'
PROJECT_VERSION_MAJOR='1'
PROJECT_VERSION_MINOR='6'
PROJECT_VERSION_PATCH='2'
PROJECT_VERSION_TWEAK='0'
RANLIB='ranlib'
SED='/usr/bin/sed'
SET_MAKE=''
SHELL='/bin/sh'
STRIP='strip'
VERSION='1.6.2'
WITH_EXAMPLES=''
WITH_EXAMPLES_FALSE='#'
WITH_EXAMPLES_TRUE=''
ac_ct_AR='ar'
ac_ct_CC='gcc'
ac_ct_CXX='g++'
ac_ct_DUMPBIN=''
am__EXEEXT_FALSE=''
am__EXEEXT_TRUE='#'
am__fastdepCCAS_FALSE='#'
am__fastdepCCAS_TRUE=''
am__fastdepCC_FALSE='#'
am__fastdepCC_TRUE=''
am__fastdepCXX_FALSE='#'
am__fastdepCXX_TRUE=''
am__include='include'
am__isrc=''
am__leading_dot='.'
am__nodep='_no'
am__quote=''
am__tar='$${TAR-tar} chof - "$$tardir"'
am__untar='$${TAR-tar} xf -'
bindir='${exec_prefix}/bin'
build='x86_64-apple-darwin19.4.0'
build_alias=''
build_cpu='x86_64'
build_os='darwin19.4.0'
build_vendor='apple'
datadir='${datarootdir}'
datarootdir='${prefix}/share'
docdir='${datarootdir}/doc/${PACKAGE_TARNAME}'
dvidir='${docdir}'
exec_prefix='${prefix}'
gdk_pixbuf_binary_version=''
gdk_pixbuf_binarydir=''
gdk_pixbuf_cache_file=''
gdk_pixbuf_moduledir=''
gdkpixbuf_CFLAGS=''
gdkpixbuf_LIBS=''
have_libde265='yes'
have_x265='no'
host='x86_64-apple-darwin19.4.0'
host_alias=''
host_cpu='x86_64'
host_os='darwin19.4.0'
host_vendor='apple'
htmldir='${docdir}'
includedir='${prefix}/include'
infodir='${datarootdir}/info'
install_sh='${SHELL} /Users/georgezhou/Downloads/heif/libheif-1.6.2/install-sh'
libde265_CFLAGS='-I/Users/georgezhou/Downloads/heif/build/de265/include'
libde265_LIBS='-L/Users/georgezhou/Downloads/heif/build/de265/lib -lde265'
libdir='${exec_prefix}/lib'
libexecdir='${exec_prefix}/libexec'
libjpeg_CFLAGS=''
libjpeg_LIBS='-ljpeg'
libpng_CFLAGS='-I/usr/local/Cellar/libpng/1.6.37/include/libpng16'
libpng_LIBS='-L/usr/local/Cellar/libpng/1.6.37/lib -lpng16 -lz'
localedir='${datarootdir}/locale'
localstatedir='${prefix}/var'
mandir='${datarootdir}/man'
mkdir_p='$(MKDIR_P)'
oldincludedir='/usr/include'
pdfdir='${docdir}'
prefix='/Users/georgezhou/Downloads/heif/build/heif'
program_transform_name='s,x,x,'
psdir='${docdir}'
sbindir='${exec_prefix}/sbin'
sharedstatedir='${prefix}/com'
sysconfdir='${prefix}/etc'
target='x86_64-apple-darwin19.4.0'
target_alias=''
target_cpu='x86_64'
target_os='darwin19.4.0'
target_vendor='apple'
x265_CFLAGS=''
x265_LIBS=''

## ----------- ##
## confdefs.h. ##
## ----------- ##

/* confdefs.h */
#define PACKAGE_NAME "libheif"
#define PACKAGE_TARNAME "libheif"
#define PACKAGE_VERSION "1.6.2"
#define PACKAGE_STRING "libheif 1.6.2"
#define PACKAGE_BUGREPORT "opensource@struktur.de"
#define PACKAGE_URL ""
#define STDC_HEADERS 1
#define HAVE_SYS_TYPES_H 1
#define HAVE_SYS_STAT_H 1
#define HAVE_STDLIB_H 1
#define HAVE_STRING_H 1
#define HAVE_MEMORY_H 1
#define HAVE_STRINGS_H 1
#define HAVE_INTTYPES_H 1
#define HAVE_STDINT_H 1
#define HAVE_UNISTD_H 1
#define HAVE_DLFCN_H 1
#define LT_OBJDIR ".libs/"
#define PACKAGE "libheif"
#define VERSION "1.6.2"
#define HAVE__BOOL 1
#define HAVE_STDBOOL_H 1
#define HAVE_INTTYPES_H 1
#define HAVE_STDDEF_H 1
#define HAVE_UNISTD_H 1
#define HAVE_LIBPTHREAD 1
#define HAVE_VISIBILITY 1
#define HAVE_LIBDE265 1
#define HAVE_JPEGLIB_H 1
#define HAVE_LIBJPEG 1
#define HAVE_JPEG_WRITE_ICC_PROFILE 1
#define HAVE_LIBPNG 1
#define ENABLE_PARALLEL_TILE_DECODING 1

configure: exit 0
